MPASM  5.51                         PRAC4.ASM   5-1-2023  21:37:48         PAGE  1


LOC  OBJECT CODE     LINE SOURCE TEXT
  VALUE

                      00001                 PROCESSOR 16F877
                      00002                 INCLUDE <P16F877.INC>
                      00001         LIST
                      00002 
                      00003 ;==========================================================================
                      00004 ;  MPASM PIC16F877 processor include
                      00005 ; 
                      00006 ;  (c) Copyright 1999-2013 Microchip Technology, All rights reserved
                      00007 ;==========================================================================
                      00008 
Message[301]: MESSAGE: (Processor-header file mismatch.  Verify selected processor.)
                      00540         LIST
Message[313]: CBLOCK constants will start with a value of 0.
                      00003                 cblock
  00000000            00004                         d1
  00000001            00005                         d2
  00000002            00006                         d3
  00000003            00007                         d4
  00000004            00008                         d5
  00000005            00009                         d6
                      00010                 endc
                      00011                 cblock 0x37
  00000037            00012                         count
  00000038            00013                         times
                      00014                 endc
                      00015         
0000                  00016                 ORG 0
0000   2811           00017                 GOTO INICIO
0005                  00018                 ORG 5
                      00019 ;DELAYS
                      00020                 ;DELAY150
0005   3086           00021                 movlw   0x86
0006   0080           00022                 movwf   d1
0007   30A3           00023                 movlw   0xA3
0008   0081           00024                 movwf   d2
0009   3002           00025                 movlw   0x02
000A   0082           00026                 movwf   d3
                      00027         
                      00028                 ;DELAY4S
000B   30B6           00029                 movlw   0xB6
000C   0083           00030                 movwf   d4
000D   3099           00031                 movlw   0x99
000E   0084           00032                 movwf   d5
000F   302C           00033                 movlw   0x2C
0010   0085           00034         movwf   d6
                      00035 
                      00036 ;CARLOS CASTELAN RAMOS - PEDRO JAIR CORONA NAVA
                      00037 
0011   0185           00038 INICIO:         CLRF PORTA ;Limpia PORTA
0012   0186           00039                         CLRF PORTB ;Limpia PORTB
                      00040                 
                      00041                         ;CAMBIA A BANCO 1
0013   1683           00042                         BSF STATUS, RP0 
MPASM  5.51                         PRAC4.ASM   5-1-2023  21:37:48         PAGE  2


LOC  OBJECT CODE     LINE SOURCE TEXT
  VALUE

0014   1303           00043                         BCF STATUS, RP1
                      00044                         
                      00045                         ;PORT A - ENTRADA
0015   30FF           00046                         MOVLW H'FF'
Message[302]: Register in operand not in bank 0.  Ensure that bank bits are correct.
0016   0085           00047                         MOVWF TRISA
                      00048         
                      00049                         ;PORTB - SALIDA
0017   3000           00050                         MOVLW H'0'
Message[302]: Register in operand not in bank 0.  Ensure that bank bits are correct.
0018   0086           00051                         MOVWF TRISB
                      00052 
                      00053                         ;DEFINIR INICIO DE ESCRITURA DE MEMORIA FSR
0019   3020           00054                         MOVLW 0X20
001A   0084           00055                         MOVWF FSR ;FSR=20
                      00056 
                      00057                         ;CAMBIA A BANCO 0
001B   1283           00058                         BCF STATUS,5
                      00059                 
                      00060 ;PREGUNTA SI QUIERE GRABAR
001C   2073           00061 GRABAR:         CALL DEBOUNE1
001D   1D05           00062                         BTFSS PORTA, 2
001E   2837           00063                                 GOTO REPRODUCIR ;Reproduce lo que tenga guardado
001F   2820           00064                                 GOTO SELEC_G ;SI - LOOP DE SELECCIÓN A GRABAR
                      00065 
                      00066 
0020   0805           00067 SELEC_G:        MOVF PORTA,W    ;W<-- (PORTE)
0021   3903           00068                         ANDLW 3                 ;W <-- W&00000011
0022   0782           00069                         ADDWF PCL,F             ;(PCL)<-- (PCL)+W
0023   2827           00070                         GOTO G_DESP_IZQ ;PC+0   -> Switches: 00
0024   282B           00071                         GOTO G_DESP_DER ;PC+1   -> Switches: 01
0025   282F           00072                         GOTO G_ON_OFF ;PC+2     -> Switches: 10
0026   2833           00073                         GOTO G_ON4  ;PC+3         -> Switches: 11
                      00074 
0027   3000           00075 G_DESP_IZQ:     MOVLW H'0'      ;Carga 00 a W
0028   0080           00076                         MOVWF INDF      ;Mueve el valor de W a contenido de FSR
Message[305]: Using default destination of 1 (file).
0029   0A84           00077                         INCF FSR        ;Incrementa posición FSR
002A   2837           00078                         GOTO REPRODUCIR
002B   3001           00079 G_DESP_DER:     MOVLW H'1'      ;Carga 01 a W
002C   0080           00080                         MOVWF INDF      ;Mueve el valor de W a contenido de FSR
Message[305]: Using default destination of 1 (file).
002D   0A84           00081                         INCF FSR        ;Incrementa posición FSR
002E   2837           00082                         GOTO REPRODUCIR
002F   3002           00083 G_ON_OFF:       MOVLW H'2'      ;Carga 10 a W
0030   0080           00084                         MOVWF INDF      ;Mueve el valor de W a contenido de FSR
Message[305]: Using default destination of 1 (file).
0031   0A84           00085                         INCF FSR        ;Incrementa posición FSR
0032   2837           00086                         GOTO REPRODUCIR
0033   3003           00087 G_ON4:          MOVLW H'3'      ;Carga 11 a W
0034   0080           00088                         MOVWF INDF      ;Mueve el valor de W a contenido de FSR
Message[305]: Using default destination of 1 (file).
0035   0A84           00089                         INCF FSR        ;Incrementa posición FSR
MPASM  5.51                         PRAC4.ASM   5-1-2023  21:37:48         PAGE  3


LOC  OBJECT CODE     LINE SOURCE TEXT
  VALUE

0036   2837           00090                         GOTO REPRODUCIR
                      00091 
                      00092 ;PREGUNTA SI QUIERE REPRODUCIR
0037   2079           00093 REPRODUCIR:     CALL DEBOUNE2
0038   1D85           00094                         BTFSS PORTA, 3
0039   281C           00095                                 GOTO GRABAR ; NO - Pregunta si quiere grabar de nuevo
003A   283B           00096                                 GOTO LEER_MEM; SI - Lee memoria de instrucciones guardadas
                      00097 
                      00098 ;LECTURA DE MEMORIA
003B   3020           00099 LEER_MEM:       MOVLW 0X20 ;Parte de la posición 20
003C   283D           00100                         GOTO LECTURA
003D   0804           00101 LECTURA:        MOVF FSR, W
003E   3903           00102                         ANDLW 3                 ;W <-- W&00000011
003F   0782           00103                         ADDWF PCL,F             ;(PCL)<-- (PCL)+W
0040   2844           00104                         GOTO DESP_IZQ   ;PC+0   -> Switches: 00
0041   284B           00105                         GOTO DESP_DER   ;PC+1   -> Switches: 01
0042   2852           00106                         GOTO ON_OFF ;PC+2       -> Switches: 10
0043   285F           00107                         GOTO ON4  ;PC+3   -> Switches: 11
                      00108         
                      00109 ;DESPLAZAMIENTO A LA IZQUIERDA          
0044   1006           00110 DESP_IZQ:       BCF PORTB, 0 ; Apagamos el LED
0045   2065           00111                     CALL DELAY150 ; Retardo de 150 ms
0046   0D86           00112                     RLF PORTB, F ; Desplaza a la izquierda
0047   1786           00113                     BSF PORTB, 7 ; Enciende el LED
0048   2065           00114                         CALL DELAY150 ; Retardo de 150 ms
Message[305]: Using default destination of 1 (file).
0049   0A84           00115                         INCF FSR        ;Incrementa posición FSR
004A   283D           00116                         GOTO LECTURA
                      00117 
                      00118 ;DESPLAZAMIENTO A LA DERECHA
004B   1006           00119 DESP_DER:       BCF PORTB, 0 ; Apagamos el LED
004C   2065           00120                     CALL DELAY150 ; Retardo de 150 ms
004D   0C86           00121                         RRF PORTB, F ; Desplazamiento a la derecha del valor en el puerto B
004E   1786           00122                         BSF PORTB, 7 ; Enciende el LED
004F   2065           00123                     CALL DELAY150 ; Retardo de 150 ms
Message[305]: Using default destination of 1 (file).
0050   0A84           00124                         INCF FSR        ;Incrementa posición FSR
0051   283D           00125                         GOTO LECTURA
                      00126 
                      00127 ;ENCENDER Y APAGAR 8 VECES
0052   0186           00128 ON_OFF:         CLRF PORTB ;Apaga todos los leds
0053   3008           00129                         MOVLW .8     ; Establecer el número de iteraciones
0054   00B8           00130                         MOVWF times
0055   30FF           00131 LOOP:           MOVLW 0xFF      ; Encender todos los LEDs 
0056   0086           00132                     MOVWF PORTB
0057   2065           00133                     CALL DELAY150   ; Esperar un momento
                      00134                     ; Apagar todos los LEDs
0058   0186           00135                     CLRF PORTB
0059   2065           00136                     CALL DELAY150   ; Esperar un momento
                      00137                 
                      00138                     ; Decrementar el contador de iteraciones
005A   0BB8           00139                     DECFSZ times,f
005B   2855           00140                     GOTO LOOP   ; Volver al inicio del loop si no ha terminado
MPASM  5.51                         PRAC4.ASM   5-1-2023  21:37:48         PAGE  4


LOC  OBJECT CODE     LINE SOURCE TEXT
  VALUE

                      00141                 
                      00142                     ; Detener el programa
005C   285C           00143                     GOTO $     ; Bucle infinito
Message[305]: Using default destination of 1 (file).
005D   0A84           00144                         INCF FSR        ;Incrementa posición FSR
005E   283D           00145                         GOTO LECTURA
                      00146 
                      00147 ;ENCENDER 4 SEGUNDOS
005F   0186           00148 ON4:            CLRF PORTB; APAGAMOS LOS LEDS
0060   30FF           00149                         MOVLW H'FF' ;Pasamos puros 1 a w
0061   0086           00150                         MOVWF PORTB; Encendemos los leds
0062   206C           00151                         CALL DELAY4S
Message[305]: Using default destination of 1 (file).
0063   0A84           00152                         INCF FSR        ;Incrementa posición FSR
0064   283D           00153                         GOTO LECTURA
                      00154                         
                      00155 ;DELAY150MS
0065   0B80           00156 DELAY150:       decfsz  d1, f
0066   2868           00157                         goto    $+2
0067   0B81           00158                         decfsz  d2, f
0068   286A           00159                         goto    $+2
0069   0B82           00160                         decfsz  d3, f
006A   2865           00161                         goto    DELAY150
                      00162                 
                      00163                                         ;1 cycle
006B   0000           00164                         nop
                      00165 
                      00166 ;DELAY 4 SEG
006C   0B82           00167 DELAY4S:        decfsz  d3, f                   
006D   286F           00168                         goto    $+2
006E   0B83           00169                         decfsz  d4, f
006F   2871           00170                         goto    $+2
0070   0B84           00171                         decfsz  d5, f
0071   286C           00172                         goto    DELAY4S
                      00173 
                      00174 
                      00175                         ;1 cycle
0072   0000           00176                         nop
                      00177 
                      00178 ;DEBOUNE PARA OSICLACIÓN DE GRABAR
0073   1905           00179 DEBOUNE1:       BTFSC PORTA, 2
0074   2873           00180                         GOTO $-1
0075   2065           00181                         CALL DELAY150
0076   1D05           00182                         BTFSS PORTA, 2
0077   2875           00183                         GOTO $-2
0078   2065           00184                         CALL DELAY150
                      00185 
                      00186 ;DEBOUNE PARA OSICLACIÓN DE REPRODUCIR
0079   1985           00187 DEBOUNE2:       BTFSC PORTA, 3
007A   2879           00188                         GOTO $-1
007B   2065           00189                         CALL DELAY150
007C   1D85           00190                         BTFSS PORTA, 3
007D   287B           00191                         GOTO $-2
MPASM  5.51                         PRAC4.ASM   5-1-2023  21:37:48         PAGE  5


LOC  OBJECT CODE     LINE SOURCE TEXT
  VALUE

007E   2065           00192                         CALL DELAY150
                      00193 
                      00194 
Warning[205]: Found directive in column 1. (END)
                      00195 END
MPASM  5.51                         PRAC4.ASM   5-1-2023  21:37:48         PAGE  6


SYMBOL TABLE
  LABEL                             VALUE 

ACKDT                             00000005
ACKEN                             00000004
ACKSTAT                           00000006
ADCON0                            0000001F
ADCON1                            0000009F
ADCS0                             00000006
ADCS1                             00000007
ADDEN                             00000003
ADFM                              00000007
ADIE                              00000006
ADIF                              00000006
ADON                              00000000
ADRESH                            0000001E
ADRESL                            0000009E
BCLIE                             00000003
BCLIF                             00000003
BF                                00000000
BRGH                              00000002
C                                 00000000
CCP1CON                           00000017
CCP1IE                            00000002
CCP1IF                            00000002
CCP1M0                            00000000
CCP1M1                            00000001
CCP1M2                            00000002
CCP1M3                            00000003
CCP1X                             00000005
CCP1Y                             00000004
CCP2CON                           0000001D
CCP2IE                            00000000
CCP2IF                            00000000
CCP2M0                            00000000
CCP2M1                            00000001
CCP2M2                            00000002
CCP2M3                            00000003
CCP2X                             00000005
CCP2Y                             00000004
CCPR1                             00000015
CCPR1H                            00000016
CCPR1L                            00000015
CCPR2                             0000001B
CCPR2H                            0000001C
CCPR2L                            0000001B
CHS0                              00000003
CHS1                              00000004
CHS2                              00000005
CKE                               00000006
CKP                               00000004
CREN                              00000004
CSRC                              00000007
D                                 00000005
DATA_ADDRESS                      00000005
DC                                00000001
MPASM  5.51                         PRAC4.ASM   5-1-2023  21:37:48         PAGE  7


SYMBOL TABLE
  LABEL                             VALUE 

DEBOUNE1                          00000073
DEBOUNE2                          00000079
DELAY150                          00000065
DELAY4S                           0000006C
DESP_DER                          0000004B
DESP_IZQ                          00000044
D_A                               00000005
D_NOT_A                           00000005
EEADR                             0000010D
EEADRH                            0000010F
EECON1                            0000018C
EECON2                            0000018D
EEDATA                            0000010C
EEDATH                            0000010E
EEIE                              00000004
EEIF                              00000004
EEPGD                             00000007
F                                 00000001
FERR                              00000002
FSR                               00000004
GCEN                              00000007
GIE                               00000007
GO                                00000002
GO_DONE                           00000002
GO_NOT_DONE                       00000002
GRABAR                            0000001C
G_DESP_DER                        0000002B
G_DESP_IZQ                        00000027
G_ON4                             00000033
G_ON_OFF                          0000002F
I2C_DATA                          00000005
I2C_READ                          00000002
I2C_START                         00000003
I2C_STOP                          00000004
IBF                               00000007
IBOV                              00000005
INDF                              00000000
INICIO                            00000011
INTCON                            0000000B
INTE                              00000004
INTEDG                            00000006
INTF                              00000001
IRP                               00000007
LECTURA                           0000003D
LEER_MEM                          0000003B
LOOP                              00000055
NOT_A                             00000005
NOT_ADDRESS                       00000005
NOT_BO                            00000000
NOT_BOR                           00000000
NOT_DONE                          00000002
NOT_PD                            00000003
NOT_POR                           00000001
MPASM  5.51                         PRAC4.ASM   5-1-2023  21:37:48         PAGE  8


SYMBOL TABLE
  LABEL                             VALUE 

NOT_RBPU                          00000007
NOT_RC8                           00000006
NOT_T1SYNC                        00000002
NOT_TO                            00000004
NOT_TX8                           00000006
NOT_W                             00000002
NOT_WRITE                         00000002
OBF                               00000006
OERR                              00000001
ON4                               0000005F
ON_OFF                            00000052
OPTION_REG                        00000081
P                                 00000004
PCFG0                             00000000
PCFG1                             00000001
PCFG2                             00000002
PCFG3                             00000003
PCL                               00000002
PCLATH                            0000000A
PCON                              0000008E
PEIE                              00000006
PEN                               00000002
PIE1                              0000008C
PIE2                              0000008D
PIR1                              0000000C
PIR2                              0000000D
PORTA                             00000005
PORTB                             00000006
PORTC                             00000007
PORTD                             00000008
PORTE                             00000009
PR2                               00000092
PS0                               00000000
PS1                               00000001
PS2                               00000002
PSA                               00000003
PSPIE                             00000007
PSPIF                             00000007
PSPMODE                           00000004
R                                 00000002
RA0                               00000000
RA1                               00000001
RA2                               00000002
RA3                               00000003
RA4                               00000004
RA5                               00000005
RB0                               00000000
RB1                               00000001
RB2                               00000002
RB3                               00000003
RB4                               00000004
RB5                               00000005
RB6                               00000006
MPASM  5.51                         PRAC4.ASM   5-1-2023  21:37:48         PAGE  9


SYMBOL TABLE
  LABEL                             VALUE 

RB7                               00000007
RBIE                              00000003
RBIF                              00000000
RC0                               00000000
RC1                               00000001
RC2                               00000002
RC3                               00000003
RC4                               00000004
RC5                               00000005
RC6                               00000006
RC7                               00000007
RC8_9                             00000006
RC9                               00000006
RCD8                              00000000
RCEN                              00000003
RCIE                              00000005
RCIF                              00000005
RCREG                             0000001A
RCSTA                             00000018
RD                                00000000
RD0                               00000000
RD1                               00000001
RD2                               00000002
RD3                               00000003
RD4                               00000004
RD5                               00000005
RD6                               00000006
RD7                               00000007
RE0                               00000000
RE1                               00000001
RE2                               00000002
READ_WRITE                        00000002
REPRODUCIR                        00000037
RP0                               00000005
RP1                               00000006
RSEN                              00000001
RX9                               00000006
RX9D                              00000000
R_NOT_W                           00000002
R_W                               00000002
S                                 00000003
SELEC_G                           00000020
SEN                               00000000
SMP                               00000007
SPBRG                             00000099
SPEN                              00000007
SREN                              00000005
SSPADD                            00000093
SSPBUF                            00000013
SSPCON                            00000014
SSPCON2                           00000091
SSPEN                             00000005
SSPIE                             00000003
MPASM  5.51                         PRAC4.ASM   5-1-2023  21:37:48         PAGE 10


SYMBOL TABLE
  LABEL                             VALUE 

SSPIF                             00000003
SSPM0                             00000000
SSPM1                             00000001
SSPM2                             00000002
SSPM3                             00000003
SSPOV                             00000006
SSPSTAT                           00000094
STATUS                            00000003
SYNC                              00000004
T0CS                              00000005
T0IE                              00000005
T0IF                              00000002
T0SE                              00000004
T1CKPS0                           00000004
T1CKPS1                           00000005
T1CON                             00000010
T1INSYNC                          00000002
T1OSCEN                           00000003
T1SYNC                            00000002
T2CKPS0                           00000000
T2CKPS1                           00000001
T2CON                             00000012
TMR0                              00000001
TMR0IE                            00000005
TMR0IF                            00000002
TMR1                              0000000E
TMR1CS                            00000001
TMR1H                             0000000F
TMR1IE                            00000000
TMR1IF                            00000000
TMR1L                             0000000E
TMR1ON                            00000000
TMR2                              00000011
TMR2IE                            00000001
TMR2IF                            00000001
TMR2ON                            00000002
TOUTPS0                           00000003
TOUTPS1                           00000004
TOUTPS2                           00000005
TOUTPS3                           00000006
TRISA                             00000085
TRISA0                            00000000
TRISA1                            00000001
TRISA2                            00000002
TRISA3                            00000003
TRISA4                            00000004
TRISA5                            00000005
TRISB                             00000086
TRISB0                            00000000
TRISB1                            00000001
TRISB2                            00000002
TRISB3                            00000003
TRISB4                            00000004
MPASM  5.51                         PRAC4.ASM   5-1-2023  21:37:48         PAGE 11


SYMBOL TABLE
  LABEL                             VALUE 

TRISB5                            00000005
TRISB6                            00000006
TRISB7                            00000007
TRISC                             00000087
TRISC0                            00000000
TRISC1                            00000001
TRISC2                            00000002
TRISC3                            00000003
TRISC4                            00000004
TRISC5                            00000005
TRISC6                            00000006
TRISC7                            00000007
TRISD                             00000088
TRISD0                            00000000
TRISD1                            00000001
TRISD2                            00000002
TRISD3                            00000003
TRISD4                            00000004
TRISD5                            00000005
TRISD6                            00000006
TRISD7                            00000007
TRISE                             00000089
TRISE0                            00000000
TRISE1                            00000001
TRISE2                            00000002
TRMT                              00000001
TX8_9                             00000006
TX9                               00000006
TX9D                              00000000
TXD8                              00000000
TXEN                              00000005
TXIE                              00000004
TXIF                              00000004
TXREG                             00000019
TXSTA                             00000098
UA                                00000001
W                                 00000000
WCOL                              00000007
WR                                00000001
WREN                              00000002
WRERR                             00000003
Z                                 00000002
_BODEN_OFF                        00003FBF
_BODEN_ON                         00003FFF
_BOREN_OFF                        00003FBF
_BOREN_ON                         00003FFF
_CONFIG                           00002007
_CPD_OFF                          00003FFF
_CPD_ON                           00003EFF
_CP_ALL                           00000FCF
_CP_HALF                          00001FDF
_CP_OFF                           00003FFF
_CP_UPPER_256                     00002FEF
MPASM  5.51                         PRAC4.ASM   5-1-2023  21:37:48         PAGE 12


SYMBOL TABLE
  LABEL                             VALUE 

_DEBUG_OFF                        00003FFF
_DEBUG_ON                         000037FF
_DEVID1                           00002006
_FOSC_EXTRC                       00003FFF
_FOSC_HS                          00003FFE
_FOSC_LP                          00003FFC
_FOSC_XT                          00003FFD
_HS_OSC                           00003FFE
_IDLOC0                           00002000
_IDLOC1                           00002001
_IDLOC2                           00002002
_IDLOC3                           00002003
_LP_OSC                           00003FFC
_LVP_OFF                          00003F7F
_LVP_ON                           00003FFF
_PWRTE_OFF                        00003FFF
_PWRTE_ON                         00003FF7
_RC_OSC                           00003FFF
_WDTE_OFF                         00003FFB
_WDTE_ON                          00003FFF
_WDT_OFF                          00003FFB
_WDT_ON                           00003FFF
_WRT_ENABLE_OFF                   00003DFF
_WRT_ENABLE_ON                    00003FFF
_WRT_OFF                          00003DFF
_WRT_ON                           00003FFF
_XT_OSC                           00003FFD
__16F877A                         00000001
count                             00000037
d1                                00000000
d2                                00000001
d3                                00000002
d4                                00000003
d5                                00000004
d6                                00000005
times                             00000038


MEMORY USAGE MAP ('X' = Used,  '-' = Unused)

0000 : X----XXXXXXXXXXX XXXXXXXXXXXXXXXX XXXXXXXXXXXXXXXX XXXXXXXXXXXXXXXX
0040 : XXXXXXXXXXXXXXXX XXXXXXXXXXXXXXXX XXXXXXXXXXXXXXXX XXXXXXXXXXXXXXX-

All other memory blocks unused.

Program Memory Words Used:   123
Program Memory Words Free:  8069


MPASM  5.51                         PRAC4.ASM   5-1-2023  21:37:48         PAGE 13





Errors   :     0
Warnings :     1 reported,     0 suppressed
Messages :    12 reported,     0 suppressed

