MPASM  5.51                  EJERCICIOPR2.ASM   4-10-2023  22:58:40         PAGE  1


LOC  OBJECT CODE     LINE SOURCE TEXT
  VALUE

                      00001 #INCLUDE <P16F877A.inc>
                      00001         LIST
                      00002 
                      00003 ;==========================================================================
                      00004 ;  MPASM PIC16F877A processor include
                      00005 ; 
                      00006 ;  (c) Copyright 1999-2013 Microchip Technology, All rights reserved
                      00007 ;==========================================================================
                      00008 
                      00566         LIST
                      00002 
Warning[205]: Found directive in column 1. (processor)
                      00003 processor PIC16F877A  ; procesador a utilizar
  000000FF            00004 TEMP equ 0xff
  000000FE            00005 RESULTADO equ 0xfe
Warning[205]: Found directive in column 1. (cblock)
Message[313]: CBLOCK constants will start with a value of 0.
                      00006 cblock
  00000000            00007 d1
  00000001            00008 d2
Warning[205]: Found directive in column 1. (ENDC)
                      00009 endc
Warning[205]: Found directive in column 1. (org)
0000                  00010 org 0X00              ; Vector de reset
Warning[203]: Found opcode in column 1. (GOTO)
0000   2805           00011 GOTO 0X05             ;Envia PC a la direccion 05
Warning[205]: Found directive in column 1. (org)
0005                  00012 org 0X05              ; Inicio del programa
0005                  00013 INICIO                ; Etiqueta INICIO
0005   1683           00014         BSF         STATUS, RP0        ; Accedemos al banco
Message[302]: Register in operand not in bank 0.  Ensure that bank bits are correct.
0006   0185           00015     CLRF        TRISA            ; Configuramos PORTA como entrada
Message[302]: Register in operand not in bank 0.  Ensure that bank bits are correct.
0007   0186           00016     CLRF        TRISB            ; Configuramos PORTB como salida
0008   1283           00017     BCF         STATUS, RP0        ; Regresamos al banco 0
0009                  00018 CICLO                 ; Etiqueta para el ciclo del programa
0009   0805           00019         MOVF        PORTA, W        ; Movemos el valor de PORTA a W
000A   390F           00020     ANDLW       0x0F            ; Obtenemos los 4 bits menos significativos
Message[302]: Register in operand not in bank 0.  Ensure that bank bits are correct.
000B   00FF           00021     MOVWF       TEMP        ; guardar el valor en TEMP
000C   201F           00022     CALL MULTIPLICAR            ; Multiplicamos por 4 los bits
000D   3020           00023     MOVLW   20                  ; cargar el valor 20 en W
Message[302]: Register in operand not in bank 0.  Ensure that bank bits are correct.
000E   027E           00024     SUBWF   RESULTADO,W         ; restamos Resultado a W
000F   1C03           00025     BTFSS   STATUS,C           ; VERIFICAMOS SI EL VALOR ES POSITIVO (<20)
0010   2824           00026     GOTO    desplazamiento_izquierda ; saltar si PORTA*4 < 20
                      00027     
Message[302]: Register in operand not in bank 0.  Ensure that bank bits are correct.
0011   0C7F           00028     RRF     TEMP,W      ; rotamos TEMP a la derecha para dividir ente 2 (segunda condicion)
0012   3007           00029     MOVLW   0x07        ; cargar el valor 7 
Message[302]: Register in operand not in bank 0.  Ensure that bank bits are correct.
0013   027F           00030     SUBWF   TEMP,W      ; restar TEMP a W
0014   1C03           00031     BTFSS   STATUS,C    ; saltar si el resultado de la resta es positivo (PORTA/2 > 7)
MPASM  5.51                  EJERCICIOPR2.ASM   4-10-2023  22:58:40         PAGE  2


LOC  OBJECT CODE     LINE SOURCE TEXT
  VALUE

0015   2827           00032     GOTO    desplazamiento_derecha ; saltar si PORTA/2 > 7
                      00033     
0016   300F           00034     MOVLW   0x0F        ; CARGAMOS OXOF EN W PARA VERIFICAR LA CONDICIOM
Message[302]: Register in operand not in bank 0.  Ensure that bank bits are correct.
0017   027F           00035     SUBWF   TEMP,W      ; RESTAMOS EL VALOR DE LOS 4 BITS CON W
0018   1D03           00036     BTFSS   STATUS,Z    ; SALTAMOS si PORTA - 0x0F ? 0x00)
0019   282A           00037     GOTO    desplazamiento_centro ; SALTAR A LA ETIQUETA DE LA CONDICION
                      00038     
001A   3000           00039     MOVLW   0x00        ; cargar el valor 0x00 en W
Message[302]: Register in operand not in bank 0.  Ensure that bank bits are correct.
001B   067F           00040     XORWF   TEMP,W      ; HACEMOS UN XOR DE LOS BITS CON W
001C   1D03           00041     BTFSS   STATUS,Z    ; saltar si el resultado del XOR no es cero
001D   2832           00042     GOTO    desplazamiento_centro2 ; saltar si PORTA = 0x00
                      00043 
001E   2809           00044     GOTO    CICLO        ; EMPEZAMOS DE NUEVO SI NO SE CUMPLE INGUNA CANCION
                      00045 
                      00046 
                      00047     
                      00048     
001F                  00049 MULTIPLICAR:
Message[302]: Register in operand not in bank 0.  Ensure that bank bits are correct.
001F   01FE           00050     CLRF RESULTADO   ; Limpiar el registro RESULTADO
0020   0700           00051     ADDWF W, W        ; Sumar W consigo mismo (multiplicar por 2)
0021   0700           00052     ADDWF W, W        ; Sumar W consigo mismo nuevamente (Multiplicar por 4)
Message[302]: Register in operand not in bank 0.  Ensure that bank bits are correct.
0022   00FE           00053     MOVWF RESULTADO        ; GUARDA EL RESUKTADO EN TEMP
0023   0008           00054     RETURN
                      00055     
0024                  00056 desplazamiento_izquierda:
0024   1006           00057         BCF PORTB, 0 ; Apagamos el LED
                      00058     ;CALL DELAY200 ; Retardo de 200 ms
0025   0D86           00059     RLF PORTB, F ; Desplaza a la izquierda
0026   1786           00060     BSF PORTB, 7 ; Enciende el LED
                      00061     ;CALL DELAY200 ; Retardo de 200 ms
                      00062     
0027                  00063 desplazamiento_derecha:
0027   1006           00064         BCF PORTB, 0 ; Apagamos el LED
                      00065     ;CALL DELAY150 ; Retardo de 150 ms
0028   0C86           00066         RRF PORTB, F ; Desplazamiento a la derecha del valor en el puerto B
0029   1786           00067         BSF PORTB, 7 ; Enciende el LED
                      00068     ;CALL DELAY150 ; Retardo de 150 ms
                      00069     
002A                  00070 desplazamiento_centro:
002A   3081           00071         MOVLW 0x81 ; Cargar el primer valor del desplazamiento
002B   0086           00072     MOVWF PORTB ; Escribir el valor en el puerto B
                      00073     ;CALL DELAY200 ; Esperar 200 ms
002C   3042           00074     MOVLW 0x42 ; Cargar el segundo valor del desplazamiento
002D   0086           00075     MOVWF PORTB ; Escribir el valor en el puerto B
                      00076     ;CALL DELAY200 ; Esperar 200 ms
002E   3024           00077     MOVLW 0x24 ; Cargar el tercer valor del desplazamiento
002F   0086           00078     MOVWF PORTB ; Escribir el valor en el puerto B
                      00079     ;CALL DELAY200 ; Esperar 200 ms
0030   3018           00080     MOVLW 0x18 ; Cargar el cuarto valor del desplazamiento
MPASM  5.51                  EJERCICIOPR2.ASM   4-10-2023  22:58:40         PAGE  3


LOC  OBJECT CODE     LINE SOURCE TEXT
  VALUE

0031   0086           00081     MOVWF PORTB ; Escribir el valor en el puerto B
                      00082     ;CALL DELAY200 ; Esperar 200 ms
                      00083     
0032                  00084 desplazamiento_centro2:
0032   3080           00085    movlw   0x80            ; Encender LED más significativo (RB7)
0033   0086           00086    movwf   PORTB
                      00087    ;call    delay           ; Esperar 50 ms
0034   3000           00088    movlw   0x00            ; Apagar LED más significativo (RB7)
0035   0086           00089    movwf   PORTB
                      00090    ;call    delay           ; Esperar 50 ms
                      00091 
0036   3040           00092    movlw   0x40            ; Encender segundo LED más significativo (RB6)
0037   0086           00093    movwf   PORTB
                      00094    ;call    delay           ; Esperar 50 ms
0038   3000           00095    movlw   0x00            ; Apagar segundo LED más significativo (RB6)
0039   0086           00096    movwf   PORTB
                      00097    ;call    delay           ; Esperar 50 ms
                      00098 
003A   3020           00099    movlw   0x20            ; Encender LED central (RB5)
003B   0086           00100    movwf   PORTB
                      00101    ;call    delay           ; Esperar 50 ms
003C   3000           00102    movlw   0x00            ; Apagar LED central (RB5)
003D   0086           00103    movwf   PORTB
                      00104    ;call    delay           ; Esperar 50 ms
                      00105 
003E   3040           00106    movlw   0x40            ; Encender segundo LED menos significativo (RB6)
003F   0086           00107    movwf   PORTB
                      00108    ;call    delay           ; Esperar 50 ms
0040   3000           00109    movlw   0x00            ; Apagar segundo LED menos significativo (RB6)
0041   0086           00110    movwf   PORTB
                      00111    ;call    delay           ; Esperar 50 ms
                      00112 
0042   3080           00113    movlw   0x80            ; Encender LED menos significativo (RB7)
0043   0086           00114    movwf   PORTB
                      00115    ;call    delay           ; Esperar 50 ms
0044   3000           00116    movlw   0x00            ; Apagar LED menos significativo (RB7)
0045   0086           00117    movwf   PORTB
                      00118    ;call    delay           ; Esperar 50 ms
                      00119     
0046                  00120 DELAY200
                      00121                         ;199993 cycles
0046   303E           00122         movlw   0x3E
0047   0080           00123         movwf   d1
0048   309D           00124         movlw   0x9D
0049   0081           00125         movwf   d2
004A                  00126 Delay_0
004A   0B80           00127         decfsz  d1, f
004B   284D           00128         goto    $+2
004C   0B81           00129         decfsz  d2, f
004D   284A           00130         goto    Delay_0
                      00131 
                      00132                         ;3 cycles
004E   284F           00133         goto    $+1
MPASM  5.51                  EJERCICIOPR2.ASM   4-10-2023  22:58:40         PAGE  4


LOC  OBJECT CODE     LINE SOURCE TEXT
  VALUE

004F   0000           00134         nop
                      00135 
                      00136                         ;4 cycles (including call)
0050   0008           00137         return
                      00138         
0051                  00139 DELAY150
                      00140                         ;149993 cycles
0051   302E           00141         movlw   0x2E
0052   0080           00142         movwf   d1
0053   3076           00143         movlw   0x76
0054   0081           00144         movwf   d2
0055                  00145 Delay_1
0055   0B80           00146         decfsz  d1, f
0056   2858           00147         goto    $+2
0057   0B81           00148         decfsz  d2, f
0058   2855           00149         goto    Delay_1
                      00150 
                      00151                         ;3 cycles
0059   285A           00152         goto    $+1
005A   0000           00153         nop
                      00154 
                      00155                         ;4 cycles (including call)
005B   0008           00156         return
                      00157 
005C                  00158 delay
                      00159                         ;49993 cycles
005C   300E           00160         movlw   0x0E
005D   0080           00161         movwf   d1
005E   3028           00162         movlw   0x28
005F   0081           00163         movwf   d2
0060                  00164 Delay_2
0060   0B80           00165         decfsz  d1, f
0061   2863           00166         goto    $+2
0062   0B81           00167         decfsz  d2, f
0063   2860           00168         goto    Delay_2
                      00169 
                      00170                         ;3 cycles
0064   2865           00171         goto    $+1
0065   0000           00172         nop
                      00173 
                      00174                         ;4 cycles (including call)
0066   0008           00175         return
Warning[205]: Found directive in column 1. (END)
                      00176 END
MPASM  5.51                  EJERCICIOPR2.ASM   4-10-2023  22:58:40         PAGE  5


SYMBOL TABLE
  LABEL                             VALUE 

ACKDT                             00000005
ACKEN                             00000004
ACKSTAT                           00000006
ADCON0                            0000001F
ADCON1                            0000009F
ADCS0                             00000006
ADCS1                             00000007
ADCS2                             00000006
ADDEN                             00000003
ADFM                              00000007
ADIE                              00000006
ADIF                              00000006
ADON                              00000000
ADRESH                            0000001E
ADRESL                            0000009E
BCLIE                             00000003
BCLIF                             00000003
BF                                00000000
BRGH                              00000002
C                                 00000000
C1INV                             00000004
C1OUT                             00000006
C2INV                             00000005
C2OUT                             00000007
CCP1CON                           00000017
CCP1IE                            00000002
CCP1IF                            00000002
CCP1M0                            00000000
CCP1M1                            00000001
CCP1M2                            00000002
CCP1M3                            00000003
CCP1X                             00000005
CCP1Y                             00000004
CCP2CON                           0000001D
CCP2IE                            00000000
CCP2IF                            00000000
CCP2M0                            00000000
CCP2M1                            00000001
CCP2M2                            00000002
CCP2M3                            00000003
CCP2X                             00000005
CCP2Y                             00000004
CCPR1                             00000015
CCPR1H                            00000016
CCPR1L                            00000015
CCPR2                             0000001B
CCPR2H                            0000001C
CCPR2L                            0000001B
CHS0                              00000003
CHS1                              00000004
CHS2                              00000005
CICLO                             00000009
CIS                               00000003
MPASM  5.51                  EJERCICIOPR2.ASM   4-10-2023  22:58:40         PAGE  6


SYMBOL TABLE
  LABEL                             VALUE 

CKE                               00000006
CKP                               00000004
CM0                               00000000
CM1                               00000001
CM2                               00000002
CMCON                             0000009C
CMIE                              00000006
CMIF                              00000006
CREN                              00000004
CSRC                              00000007
CVR0                              00000000
CVR1                              00000001
CVR2                              00000002
CVR3                              00000003
CVRCON                            0000009D
CVREN                             00000007
CVROE                             00000006
CVRR                              00000005
D                                 00000005
DATA_ADDRESS                      00000005
DC                                00000001
DELAY150                          00000051
DELAY200                          00000046
D_A                               00000005
D_NOT_A                           00000005
Delay_0                           0000004A
Delay_1                           00000055
Delay_2                           00000060
EEADR                             0000010D
EEADRH                            0000010F
EECON1                            0000018C
EECON2                            0000018D
EEDATA                            0000010C
EEDATH                            0000010E
EEIE                              00000004
EEIF                              00000004
EEPGD                             00000007
F                                 00000001
FERR                              00000002
FSR                               00000004
GCEN                              00000007
GIE                               00000007
GO                                00000002
GO_DONE                           00000002
GO_NOT_DONE                       00000002
I2C_DATA                          00000005
I2C_READ                          00000002
I2C_START                         00000003
I2C_STOP                          00000004
IBF                               00000007
IBOV                              00000005
INDF                              00000000
INICIO                            00000005
MPASM  5.51                  EJERCICIOPR2.ASM   4-10-2023  22:58:40         PAGE  7


SYMBOL TABLE
  LABEL                             VALUE 

INTCON                            0000000B
INTE                              00000004
INTEDG                            00000006
INTF                              00000001
IRP                               00000007
MULTIPLICAR                       0000001F
NOT_A                             00000005
NOT_ADDRESS                       00000005
NOT_BO                            00000000
NOT_BOR                           00000000
NOT_DONE                          00000002
NOT_PD                            00000003
NOT_POR                           00000001
NOT_RBPU                          00000007
NOT_RC8                           00000006
NOT_T1SYNC                        00000002
NOT_TO                            00000004
NOT_TX8                           00000006
NOT_W                             00000002
NOT_WRITE                         00000002
OBF                               00000006
OERR                              00000001
OPTION_REG                        00000081
P                                 00000004
PCFG0                             00000000
PCFG1                             00000001
PCFG2                             00000002
PCFG3                             00000003
PCL                               00000002
PCLATH                            0000000A
PCON                              0000008E
PEIE                              00000006
PEN                               00000002
PIE1                              0000008C
PIE2                              0000008D
PIR1                              0000000C
PIR2                              0000000D
PORTA                             00000005
PORTB                             00000006
PORTC                             00000007
PORTD                             00000008
PORTE                             00000009
PR2                               00000092
PS0                               00000000
PS1                               00000001
PS2                               00000002
PSA                               00000003
PSPIE                             00000007
PSPIF                             00000007
PSPMODE                           00000004
R                                 00000002
RA0                               00000000
RA1                               00000001
MPASM  5.51                  EJERCICIOPR2.ASM   4-10-2023  22:58:40         PAGE  8


SYMBOL TABLE
  LABEL                             VALUE 

RA2                               00000002
RA3                               00000003
RA4                               00000004
RA5                               00000005
RB0                               00000000
RB1                               00000001
RB2                               00000002
RB3                               00000003
RB4                               00000004
RB5                               00000005
RB6                               00000006
RB7                               00000007
RBIE                              00000003
RBIF                              00000000
RC0                               00000000
RC1                               00000001
RC2                               00000002
RC3                               00000003
RC4                               00000004
RC5                               00000005
RC6                               00000006
RC7                               00000007
RC8_9                             00000006
RC9                               00000006
RCD8                              00000000
RCEN                              00000003
RCIE                              00000005
RCIF                              00000005
RCREG                             0000001A
RCSTA                             00000018
RD                                00000000
RD0                               00000000
RD1                               00000001
RD2                               00000002
RD3                               00000003
RD4                               00000004
RD5                               00000005
RD6                               00000006
RD7                               00000007
RE0                               00000000
RE1                               00000001
RE2                               00000002
READ_WRITE                        00000002
RESULTADO                         000000FE
RP0                               00000005
RP1                               00000006
RSEN                              00000001
RX9                               00000006
RX9D                              00000000
R_NOT_W                           00000002
R_W                               00000002
S                                 00000003
SEN                               00000000
MPASM  5.51                  EJERCICIOPR2.ASM   4-10-2023  22:58:40         PAGE  9


SYMBOL TABLE
  LABEL                             VALUE 

SMP                               00000007
SPBRG                             00000099
SPEN                              00000007
SREN                              00000005
SSPADD                            00000093
SSPBUF                            00000013
SSPCON                            00000014
SSPCON2                           00000091
SSPEN                             00000005
SSPIE                             00000003
SSPIF                             00000003
SSPM0                             00000000
SSPM1                             00000001
SSPM2                             00000002
SSPM3                             00000003
SSPOV                             00000006
SSPSTAT                           00000094
STATUS                            00000003
SYNC                              00000004
T0CS                              00000005
T0IE                              00000005
T0IF                              00000002
T0SE                              00000004
T1CKPS0                           00000004
T1CKPS1                           00000005
T1CON                             00000010
T1INSYNC                          00000002
T1OSCEN                           00000003
T1SYNC                            00000002
T2CKPS0                           00000000
T2CKPS1                           00000001
T2CON                             00000012
TEMP                              000000FF
TMR0                              00000001
TMR0IE                            00000005
TMR0IF                            00000002
TMR1                              0000000E
TMR1CS                            00000001
TMR1H                             0000000F
TMR1IE                            00000000
TMR1IF                            00000000
TMR1L                             0000000E
TMR1ON                            00000000
TMR2                              00000011
TMR2IE                            00000001
TMR2IF                            00000001
TMR2ON                            00000002
TOUTPS0                           00000003
TOUTPS1                           00000004
TOUTPS2                           00000005
TOUTPS3                           00000006
TRISA                             00000085
TRISA0                            00000000
MPASM  5.51                  EJERCICIOPR2.ASM   4-10-2023  22:58:40         PAGE 10


SYMBOL TABLE
  LABEL                             VALUE 

TRISA1                            00000001
TRISA2                            00000002
TRISA3                            00000003
TRISA4                            00000004
TRISA5                            00000005
TRISB                             00000086
TRISB0                            00000000
TRISB1                            00000001
TRISB2                            00000002
TRISB3                            00000003
TRISB4                            00000004
TRISB5                            00000005
TRISB6                            00000006
TRISB7                            00000007
TRISC                             00000087
TRISC0                            00000000
TRISC1                            00000001
TRISC2                            00000002
TRISC3                            00000003
TRISC4                            00000004
TRISC5                            00000005
TRISC6                            00000006
TRISC7                            00000007
TRISD                             00000088
TRISD0                            00000000
TRISD1                            00000001
TRISD2                            00000002
TRISD3                            00000003
TRISD4                            00000004
TRISD5                            00000005
TRISD6                            00000006
TRISD7                            00000007
TRISE                             00000089
TRISE0                            00000000
TRISE1                            00000001
TRISE2                            00000002
TRMT                              00000001
TX8_9                             00000006
TX9                               00000006
TX9D                              00000000
TXD8                              00000000
TXEN                              00000005
TXIE                              00000004
TXIF                              00000004
TXREG                             00000019
TXSTA                             00000098
UA                                00000001
W                                 00000000
WCOL                              00000007
WR                                00000001
WREN                              00000002
WRERR                             00000003
Z                                 00000002
MPASM  5.51                  EJERCICIOPR2.ASM   4-10-2023  22:58:40         PAGE 11


SYMBOL TABLE
  LABEL                             VALUE 

_BODEN_OFF                        00003FBF
_BODEN_ON                         00003FFF
_BOREN_OFF                        00003FBF
_BOREN_ON                         00003FFF
_CONFIG                           00002007
_CPD_OFF                          00003FFF
_CPD_ON                           00003EFF
_CP_ALL                           00001FFF
_CP_OFF                           00003FFF
_CP_ON                            00001FFF
_DEBUG_OFF                        00003FFF
_DEBUG_ON                         000037FF
_DEVID1                           00002006
_FOSC_EXTRC                       00003FFF
_FOSC_HS                          00003FFE
_FOSC_LP                          00003FFC
_FOSC_XT                          00003FFD
_HS_OSC                           00003FFE
_IDLOC0                           00002000
_IDLOC1                           00002001
_IDLOC2                           00002002
_IDLOC3                           00002003
_LP_OSC                           00003FFC
_LVP_OFF                          00003F7F
_LVP_ON                           00003FFF
_PWRTE_OFF                        00003FFF
_PWRTE_ON                         00003FF7
_RC_OSC                           00003FFF
_WDTE_OFF                         00003FFB
_WDTE_ON                          00003FFF
_WDT_OFF                          00003FFB
_WDT_ON                           00003FFF
_WRT_1FOURTH                      00003BFF
_WRT_256                          00003DFF
_WRT_HALF                         000039FF
_WRT_OFF                          00003FFF
_XT_OSC                           00003FFD
__16F877A                         00000001
d1                                00000000
d2                                00000001
delay                             0000005C
desplazamiento_centro             0000002A
desplazamiento_centro2            00000032
desplazamiento_derecha            00000027
desplazamiento_izquierda          00000024
MPASM  5.51                  EJERCICIOPR2.ASM   4-10-2023  22:58:40         PAGE 12


MEMORY USAGE MAP ('X' = Used,  '-' = Unused)


0000 : X----XXXXXXXXXXX XXXXXXXXXXXXXXXX XXXXXXXXXXXXXXXX XXXXXXXXXXXXXXXX
0040 : XXXXXXXXXXXXXXXX XXXXXXXXXXXXXXXX XXXXXXX--------- ----------------

All other memory blocks unused.

Program Memory Words Used:    99
Program Memory Words Free:  8093


Errors   :     0
Warnings :     7 reported,     0 suppressed
Messages :    11 reported,     0 suppressed

